#
# There is insufficient memory for the Java Runtime Environment to continue.
# Native memory allocation (malloc) failed to allocate 32744 bytes for ChunkPool::allocate
# Possible reasons:
#   The system is out of physical RAM or swap space
#   The process is running with CompressedOops enabled, and the Java Heap may be blocking the growth of the native heap
# Possible solutions:
#   Reduce memory load on the system
#   Increase physical memory or swap space
#   Check if swap backing store is full
#   Decrease Java heap size (-Xmx/-Xms)
#   Decrease number of Java threads
#   Decrease Java thread stack sizes (-Xss)
#   Set larger code cache with -XX:ReservedCodeCacheSize=
#   JVM is running with Unscaled Compressed Oops mode in which the Java heap is
#     placed in the first 4GB address space. The Java Heap base address is the
#     maximum limit for the native heap growth. Please use -XX:HeapBaseMinAddress
#     to set the Java Heap base and to place the Java Heap above 4GB virtual address.
# This output file may be truncated or incomplete.
#
#  Out of Memory Error (allocation.cpp:272), pid=2836, tid=0x0000000000003114
#
# JRE version: Java(TM) SE Runtime Environment (8.0_202-b08) (build 1.8.0_202-b08)
# Java VM: Java HotSpot(TM) 64-Bit Server VM (25.202-b08 mixed mode windows-amd64 compressed oops)
# Failed to write core dump. Minidumps are not enabled by default on client versions of Windows
#

---------------  T H R E A D  ---------------

Current thread (0x00000000024f3800):  JavaThread "main" [_thread_in_vm, id=12564, stack(0x0000000002350000,0x0000000002450000)]

Stack: [0x0000000002350000,0x0000000002450000]
[error occurred during error reporting (printing stack bounds), id 0xc0000005]

Native frames: (J=compiled Java code, j=interpreted, Vv=VM code, C=native code)

Java frames: (J=compiled Java code, j=interpreted, Vv=VM code)
j  io.restassured.config.HttpClientConfig$2.createHttpClient()Lorg/apache/http/client/HttpClient;+0
j  io.restassured.config.HttpClientConfig.httpClientInstance()Lorg/apache/http/client/HttpClient;+39
j  io.restassured.config.HttpClientConfig$httpClientInstance.call(Ljava/lang/Object;[Ljava/lang/Object;)Ljava/lang/Object;+13
j  org.codehaus.groovy.runtime.callsite.CallSiteArray.defaultCall(Lorg/codehaus/groovy/runtime/callsite/CallSite;Ljava/lang/Object;[Ljava/lang/Object;)Ljava/lang/Object;+8
j  org.codehaus.groovy.runtime.callsite.AbstractCallSite.call(Ljava/lang/Object;[Ljava/lang/Object;)Ljava/lang/Object;+3
j  org.codehaus.groovy.runtime.callsite.AbstractCallSite.call(Ljava/lang/Object;)Ljava/lang/Object;+5
j  io.restassured.internal.RequestSpecificationImpl.applyPathParamsAndSendRequest(Ljava/lang/String;Ljava/lang/String;[Ljava/lang/Object;)Ljava/lang/Object;+1460
v  ~StubRoutines::call_stub
j  sun.reflect.NativeMethodAccessorImpl.invoke0(Ljava/lang/reflect/Method;Ljava/lang/Object;[Ljava/lang/Object;)Ljava/lang/Object;+0
j  sun.reflect.NativeMethodAccessorImpl.invoke(Ljava/lang/Object;[Ljava/lang/Object;)Ljava/lang/Object;+100
j  sun.reflect.DelegatingMethodAccessorImpl.invoke(Ljava/lang/Object;[Ljava/lang/Object;)Ljava/lang/Object;+6
j  java.lang.reflect.Method.invoke(Ljava/lang/Object;[Ljava/lang/Object;)Ljava/lang/Object;+56
j  org.codehaus.groovy.reflection.CachedMethod.invoke(Ljava/lang/Object;[Ljava/lang/Object;)Ljava/lang/Object;+26
j  groovy.lang.MetaMethod.doMethodInvoke(Ljava/lang/Object;[Ljava/lang/Object;)Ljava/lang/Object;+9
j  groovy.lang.MetaClassImpl.invokeMethod(Ljava/lang/Class;Ljava/lang/Object;Ljava/lang/String;[Ljava/lang/Object;ZZ)Ljava/lang/Object;+843
j  groovy.lang.MetaClassImpl.invokeMethod(Ljava/lang/Object;Ljava/lang/String;[Ljava/lang/Object;)Ljava/lang/Object;+10
j  groovy.lang.MetaClassImpl.invokeMethod(Ljava/lang/Object;Ljava/lang/String;Ljava/lang/Object;)Ljava/lang/Object;+53
j  io.restassured.internal.RequestSpecificationImpl.invokeMethod(Ljava/lang/String;Ljava/lang/Object;)Ljava/lang/Object;+7
j  org.codehaus.groovy.runtime.callsite.PogoInterceptableSite.call(Ljava/lang/Object;[Ljava/lang/Object;)Ljava/lang/Object;+19
j  org.codehaus.groovy.runtime.callsite.PogoInterceptableSite.callCurrent(Lgroovy/lang/GroovyObject;[Ljava/lang/Object;)Ljava/lang/Object;+3
j  org.codehaus.groovy.runtime.callsite.CallSiteArray.defaultCallCurrent(Lorg/codehaus/groovy/runtime/callsite/CallSite;Lgroovy/lang/GroovyObject;[Ljava/lang/Object;)Ljava/lang/Object;+17
j  org.codehaus.groovy.runtime.callsite.AbstractCallSite.callCurrent(Lgroovy/lang/GroovyObject;[Ljava/lang/Object;)Ljava/lang/Object;+3
j  org.codehaus.groovy.runtime.callsite.AbstractCallSite.callCurrent(Lgroovy/lang/GroovyObject;Ljava/lang/Object;Ljava/lang/Object;Ljava/lang/Object;)Ljava/lang/Object;+42
j  io.restassured.internal.RequestSpecificationImpl.applyPathParamsAndSendRequest(Lio/restassured/http/Method;Ljava/lang/String;[Ljava/lang/Object;)Ljava/lang/Object;+42
v  ~StubRoutines::call_stub
j  sun.reflect.NativeMethodAccessorImpl.invoke0(Ljava/lang/reflect/Method;Ljava/lang/Object;[Ljava/lang/Object;)Ljava/lang/Object;+0
j  sun.reflect.NativeMethodAccessorImpl.invoke(Ljava/lang/Object;[Ljava/lang/Object;)Ljava/lang/Object;+100
j  sun.reflect.DelegatingMethodAccessorImpl.invoke(Ljava/lang/Object;[Ljava/lang/Object;)Ljava/lang/Object;+6
j  java.lang.reflect.Method.invoke(Ljava/lang/Object;[Ljava/lang/Object;)Ljava/lang/Object;+56
j  org.codehaus.groovy.reflection.CachedMethod.invoke(Ljava/lang/Object;[Ljava/lang/Object;)Ljava/lang/Object;+26
j  groovy.lang.MetaMethod.doMethodInvoke(Ljava/lang/Object;[Ljava/lang/Object;)Ljava/lang/Object;+9
j  groovy.lang.MetaClassImpl.invokeMethod(Ljava/lang/Class;Ljava/lang/Object;Ljava/lang/String;[Ljava/lang/Object;ZZ)Ljava/lang/Object;+843
j  groovy.lang.MetaClassImpl.invokeMethod(Ljava/lang/Object;Ljava/lang/String;[Ljava/lang/Object;)Ljava/lang/Object;+10
j  groovy.lang.MetaClassImpl.invokeMethod(Ljava/lang/Object;Ljava/lang/String;Ljava/lang/Object;)Ljava/lang/Object;+53
j  io.restassured.internal.RequestSpecificationImpl.invokeMethod(Ljava/lang/String;Ljava/lang/Object;)Ljava/lang/Object;+7
j  org.codehaus.groovy.runtime.callsite.PogoInterceptableSite.call(Ljava/lang/Object;[Ljava/lang/Object;)Ljava/lang/Object;+19
j  org.codehaus.groovy.runtime.callsite.PogoInterceptableSite.callCurrent(Lgroovy/lang/GroovyObject;[Ljava/lang/Object;)Ljava/lang/Object;+3
j  org.codehaus.groovy.runtime.callsite.CallSiteArray.defaultCallCurrent(Lorg/codehaus/groovy/runtime/callsite/CallSite;Lgroovy/lang/GroovyObject;[Ljava/lang/Object;)Ljava/lang/Object;+17
j  org.codehaus.groovy.runtime.callsite.AbstractCallSite.callCurrent(Lgroovy/lang/GroovyObject;[Ljava/lang/Object;)Ljava/lang/Object;+3
j  org.codehaus.groovy.runtime.callsite.AbstractCallSite.callCurrent(Lgroovy/lang/GroovyObject;Ljava/lang/Object;Ljava/lang/Object;Ljava/lang/Object;)Ljava/lang/Object;+42
j  io.restassured.internal.RequestSpecificationImpl.get(Ljava/lang/String;[Ljava/lang/Object;)Lio/restassured/response/Response;+25
j  io.restassured.internal.RequestSpecificationImpl.get(Ljava/lang/String;[Ljava/lang/Object;)Lio/restassured/response/ResponseOptions;+3
j  ayvens.StepDefinition.pickEmail()V+43
v  ~StubRoutines::call_stub
j  sun.reflect.NativeMethodAccessorImpl.invoke0(Ljava/lang/reflect/Method;Ljava/lang/Object;[Ljava/lang/Object;)Ljava/lang/Object;+0
j  sun.reflect.NativeMethodAccessorImpl.invoke(Ljava/lang/Object;[Ljava/lang/Object;)Ljava/lang/Object;+100
j  sun.reflect.DelegatingMethodAccessorImpl.invoke(Ljava/lang/Object;[Ljava/lang/Object;)Ljava/lang/Object;+6
j  java.lang.reflect.Method.invoke(Ljava/lang/Object;[Ljava/lang/Object;)Ljava/lang/Object;+56
j  cucumber.runtime.Utils$1.call()Ljava/lang/Object;+28
j  cucumber.runtime.Timeout.timeout(Lcucumber/runtime/Timeout$Callback;J)Ljava/lang/Object;+7
j  cucumber.runtime.Utils.invoke(Ljava/lang/Object;Ljava/lang/reflect/Method;J[Ljava/lang/Object;)Ljava/lang/Object;+20
j  cucumber.runtime.java.JavaStepDefinition.execute([Ljava/lang/Object;)V+25
j  cucumber.runner.PickleStepDefinitionMatch.runStep(Lcucumber/api/Scenario;)V+137
j  cucumber.runner.TestStep.executeStep(Lcucumber/runner/Scenario;Z)Lcucumber/api/Result$Type;+9
j  cucumber.runner.TestStep.run(Lcucumber/api/TestCase;Lcucumber/runner/EventBus;Lcucumber/runner/Scenario;Z)Z+32
j  cucumber.runner.PickleStepTestStep.run(Lcucumber/api/TestCase;Lcucumber/runner/EventBus;Lcucumber/runner/Scenario;Z)Z+63
j  cucumber.runner.TestCase.run(Lcucumber/runner/EventBus;)V+131
j  cucumber.runner.Runner.runPickle(Lgherkin/events/PickleEvent;)V+15
j  cucumber.runtime.Runtime$1.run()V+16
j  cucumber.runtime.Runtime$SameThreadExecutorService.execute(Ljava/lang/Runnable;)V+1
j  cucumber.runtime.Runtime.run()V+192
j  cucumber.api.cli.Main.run([Ljava/lang/String;Ljava/lang/ClassLoader;)B+16
j  cucumber.api.cli.Main.main([Ljava/lang/String;)V+7
v  ~StubRoutines::call_stub

---------------  P R O C E S S  ---------------

Java Threads: ( => current thread )
  0x00000000189d8000 JavaThread "Service Thread" daemon [_thread_blocked, id=14036, stack(0x0000000018d90000,0x0000000018e90000)]
  0x000000001704f000 JavaThread "C1 CompilerThread2" daemon [_thread_blocked, id=10536, stack(0x0000000018890000,0x0000000018990000)]
  0x0000000017046000 JavaThread "C2 CompilerThread1" daemon [_thread_in_native, id=4764, stack(0x0000000018790000,0x0000000018890000)]
  0x000000001703a800 JavaThread "C2 CompilerThread0" daemon [_thread_in_native, id=14448, stack(0x0000000018690000,0x0000000018790000)]
  0x0000000017038000 JavaThread "Attach Listener" daemon [_thread_blocked, id=12640, stack(0x0000000018590000,0x0000000018690000)]
  0x0000000017037000 JavaThread "Signal Dispatcher" daemon [_thread_blocked, id=8540, stack(0x0000000018490000,0x0000000018590000)]
  0x00000000025ec800 JavaThread "Finalizer" daemon [_thread_blocked, id=12524, stack(0x0000000018290000,0x0000000018390000)]
  0x00000000025e4000 JavaThread "Reference Handler" daemon [_thread_blocked, id=5968, stack(0x0000000018190000,0x0000000018290000)]
=>0x00000000024f3800 JavaThread "main" [_thread_in_vm, id=12564, stack(0x0000000002350000,0x0000000002450000)]

Other Threads:
  0x0000000016ff7800 VMThread [stack: 0x0000000018090000,0x0000000018190000] [id=14896]
  0x000000001708c000 WatcherThread [stack: 0x0000000018e90000,0x0000000018f90000] [id=4216]

VM state:not at safepoint (normal execution)

VM Mutex/Monitor currently owned by a thread: None

heap address: 0x0000000083400000, size: 1996 MB, Compressed Oops mode: 32-bit
Narrow klass base: 0x0000000000000000, Narrow klass shift: 3
Compressed class space size: 1073741824 Address: 0x0000000100000000

Heap:
 PSYoungGen      total 37888K, used 19975K [0x00000000d6700000, 0x00000000db100000, 0x0000000100000000)
  eden space 32768K, 45% used [0x00000000d6700000,0x00000000d7585c18,0x00000000d8700000)
  from space 5120K, 99% used [0x00000000d8700000,0x00000000d8bfc010,0x00000000d8c00000)
  to   space 5120K, 0% used [0x00000000dac00000,0x00000000dac00000,0x00000000db100000)
 ParOldGen       total 86016K, used 5503K [0x0000000083400000, 0x0000000088800000, 0x00000000d6700000)
  object space 86016K, 6% used [0x0000000083400000,0x000000008395ff58,0x0000000088800000)
 Metaspace       used 14130K, capacity 14492K, committed 14720K, reserved 1062912K
  class space    used 1669K, capacity 1815K, committed 1920K, reserved 1048576K

Card table byte_map: [0x00000000119b0000,0x0000000011da0000] byte_map_base: 0x0000000011596000

Marking Bits: (ParMarkBitMap*) 0x0000000058b95ce0
 Begin Bits: [0x0000000012440000, 0x0000000014370000)
 End Bits:   [0x0000000014370000, 0x00000000162a0000)

Polling page: 0x0000000000750000

CodeCache: size=245760Kb used=5891Kb max_used=5891Kb free=239868Kb
 bounds [0x00000000025f0000, 0x0000000002bc0000, 0x00000000115f0000]
 total_blobs=1883 nmethods=1309 adapters=486
 compilation: enabled

Compilation events (10 events):
Event: 2.432 Thread 0x000000001704f000 1310       3       groovy.lang.MetaClassImpl$Index::put (10 bytes)
Event: 2.432 Thread 0x000000001704f000 nmethod 1310 0x0000000002bb1950 code [0x0000000002bb1ac0, 0x0000000002bb1ce8]
Event: 2.433 Thread 0x000000001704f000 1312       3       sun.reflect.generics.parser.SignatureParser::parseFormalParameters (47 bytes)
Event: 2.434 Thread 0x000000001704f000 nmethod 1312 0x0000000002bb1dd0 code [0x0000000002bb1fa0, 0x0000000002bb2308]
Event: 2.434 Thread 0x000000001704f000 1313       3       sun.reflect.generics.parser.SignatureParser::parseReturnType (22 bytes)
Event: 2.434 Thread 0x000000001704f000 nmethod 1313 0x0000000002bb2490 code [0x0000000002bb2620, 0x0000000002bb28c8]
Event: 2.434 Thread 0x000000001704f000 1314       3       sun.reflect.generics.parser.SignatureParser::parseZeroOrMoreThrowsSignatures (51 bytes)
Event: 2.435 Thread 0x000000001704f000 nmethod 1314 0x0000000002bb29d0 code [0x0000000002bb2be0, 0x0000000002bb3568]
Event: 2.435 Thread 0x000000001704f000 1315       3       sun.reflect.generics.tree.MethodTypeSignature::make (12 bytes)
Event: 2.436 Thread 0x000000001704f000 nmethod 1315 0x0000000002bb3a10 code [0x0000000002bb3b80, 0x0000000002bb3e10]

GC Heap History (6 events):
Event: 1.271 GC heap before
{Heap before GC invocations=1 (full 0):
 PSYoungGen      total 37888K, used 32768K [0x00000000d6700000, 0x00000000d9100000, 0x0000000100000000)
  eden space 32768K, 100% used [0x00000000d6700000,0x00000000d8700000,0x00000000d8700000)
  from space 5120K, 0% used [0x00000000d8c00000,0x00000000d8c00000,0x00000000d9100000)
  to   space 5120K, 0% used [0x00000000d8700000,0x00000000d8700000,0x00000000d8c00000)
 ParOldGen       total 86016K, used 0K [0x0000000083400000, 0x0000000088800000, 0x00000000d6700000)
  object space 86016K, 0% used [0x0000000083400000,0x0000000083400000,0x0000000088800000)
 Metaspace       used 8134K, capacity 8240K, committed 8576K, reserved 1056768K
  class space    used 1024K, capacity 1040K, committed 1152K, reserved 1048576K
Event: 1.279 GC heap after
Heap after GC invocations=1 (full 0):
 PSYoungGen      total 37888K, used 5112K [0x00000000d6700000, 0x00000000d9100000, 0x0000000100000000)
  eden space 32768K, 0% used [0x00000000d6700000,0x00000000d6700000,0x00000000d8700000)
  from space 5120K, 99% used [0x00000000d8700000,0x00000000d8bfe3e0,0x00000000d8c00000)
  to   space 5120K, 0% used [0x00000000d8c00000,0x00000000d8c00000,0x00000000d9100000)
 ParOldGen       total 86016K, used 449K [0x0000000083400000, 0x0000000088800000, 0x00000000d6700000)
  object space 86016K, 0% used [0x0000000083400000,0x0000000083470478,0x0000000088800000)
 Metaspace       used 8134K, capacity 8240K, committed 8576K, reserved 1056768K
  class space    used 1024K, capacity 1040K, committed 1152K, reserved 1048576K
}
Event: 1.892 GC heap before
{Heap before GC invocations=2 (full 0):
 PSYoungGen      total 37888K, used 37880K [0x00000000d6700000, 0x00000000d9100000, 0x0000000100000000)
  eden space 32768K, 100% used [0x00000000d6700000,0x00000000d8700000,0x00000000d8700000)
  from space 5120K, 99% used [0x00000000d8700000,0x00000000d8bfe3e0,0x00000000d8c00000)
  to   space 5120K, 0% used [0x00000000d8c00000,0x00000000d8c00000,0x00000000d9100000)
 ParOldGen       total 86016K, used 449K [0x0000000083400000, 0x0000000088800000, 0x00000000d6700000)
  object space 86016K, 0% used [0x0000000083400000,0x0000000083470478,0x0000000088800000)
 Metaspace       used 12960K, capacity 13088K, committed 13312K, reserved 1060864K
  class space    used 1462K, capacity 1501K, committed 1536K, reserved 1048576K
Event: 1.913 GC heap after
Heap after GC invocations=2 (full 0):
 PSYoungGen      total 37888K, used 5117K [0x00000000d6700000, 0x00000000db100000, 0x0000000100000000)
  eden space 32768K, 0% used [0x00000000d6700000,0x00000000d6700000,0x00000000d8700000)
  from space 5120K, 99% used [0x00000000d8c00000,0x00000000d90ff428,0x00000000d9100000)
  to   space 5120K, 0% used [0x00000000d8700000,0x00000000d8700000,0x00000000d8c00000)
 ParOldGen       total 86016K, used 2963K [0x0000000083400000, 0x0000000088800000, 0x00000000d6700000)
  object space 86016K, 3% used [0x0000000083400000,0x00000000836e4d70,0x0000000088800000)
 Metaspace       used 12960K, capacity 13088K, committed 13312K, reserved 1060864K
  class space    used 1462K, capacity 1501K, committed 1536K, reserved 1048576K
}
Event: 2.337 GC heap before
{Heap before GC invocations=3 (full 0):
 PSYoungGen      total 37888K, used 37885K [0x00000000d6700000, 0x00000000db100000, 0x0000000100000000)
  eden space 32768K, 100% used [0x00000000d6700000,0x00000000d8700000,0x00000000d8700000)
  from space 5120K, 99% used [0x00000000d8c00000,0x00000000d90ff428,0x00000000d9100000)
  to   space 5120K, 0% used [0x00000000d8700000,0x00000000d8700000,0x00000000d8c00000)
 ParOldGen       total 86016K, used 2963K [0x0000000083400000, 0x0000000088800000, 0x00000000d6700000)
  object space 86016K, 3% used [0x0000000083400000,0x00000000836e4d70,0x0000000088800000)
 Metaspace       used 13870K, capacity 14212K, committed 14336K, reserved 1062912K
  class space    used 1616K, capacity 1760K, committed 1792K, reserved 1048576K
Event: 2.346 GC heap after
Heap after GC invocations=3 (full 0):
 PSYoungGen      total 37888K, used 5104K [0x00000000d6700000, 0x00000000db100000, 0x0000000100000000)
  eden space 32768K, 0% used [0x00000000d6700000,0x00000000d6700000,0x00000000d8700000)
  from space 5120K, 99% used [0x00000000d8700000,0x00000000d8bfc010,0x00000000d8c00000)
  to   space 5120K, 0% used [0x00000000dac00000,0x00000000dac00000,0x00000000db100000)
 ParOldGen       total 86016K, used 5503K [0x0000000083400000, 0x0000000088800000, 0x00000000d6700000)
  object space 86016K, 6% used [0x0000000083400000,0x000000008395ff58,0x0000000088800000)
 Metaspace       used 13870K, capacity 14212K, committed 14336K, reserved 1062912K
  class space    used 1616K, capacity 1760K, committed 1792K, reserved 1048576K
}

Deoptimization events (10 events):
Event: 1.741 Thread 0x00000000024f3800 Uncommon trap: reason=bimorphic action=maybe_recompile pc=0x0000000002888ec0 method=java.util.regex.Pattern$Curly.match0(Ljava/util/regex/Matcher;IILjava/lang/CharSequence;)Z @ 31
Event: 1.741 Thread 0x00000000024f3800 Uncommon trap: reason=bimorphic action=maybe_recompile pc=0x0000000002888ec0 method=java.util.regex.Pattern$Curly.match0(Ljava/util/regex/Matcher;IILjava/lang/CharSequence;)Z @ 31
Event: 1.741 Thread 0x00000000024f3800 Uncommon trap: reason=unstable_if action=reinterpret pc=0x0000000002888690 method=java.util.regex.Pattern$Curly.match0(Ljava/util/regex/Matcher;IILjava/lang/CharSequence;)Z @ 144
Event: 2.187 Thread 0x00000000024f3800 Uncommon trap: reason=bimorphic action=maybe_recompile pc=0x00000000028b4048 method=java.net.URL.<init>(Ljava/net/URL;Ljava/lang/String;Ljava/net/URLStreamHandler;)V @ 504
Event: 2.214 Thread 0x00000000024f3800 Uncommon trap: reason=bimorphic action=maybe_recompile pc=0x0000000002b6f03c method=org.codehaus.groovy.runtime.metaclass.MetaMethodIndex.addMethodToList(Ljava/lang/Object;Lgroovy/lang/MetaMethod;)Ljava/lang/Object; @ 130
Event: 2.214 Thread 0x00000000024f3800 Uncommon trap: reason=bimorphic action=maybe_recompile pc=0x0000000002b6f03c method=org.codehaus.groovy.runtime.metaclass.MetaMethodIndex.addMethodToList(Ljava/lang/Object;Lgroovy/lang/MetaMethod;)Ljava/lang/Object; @ 130
Event: 2.214 Thread 0x00000000024f3800 Uncommon trap: reason=bimorphic action=maybe_recompile pc=0x0000000002b6f03c method=org.codehaus.groovy.runtime.metaclass.MetaMethodIndex.addMethodToList(Ljava/lang/Object;Lgroovy/lang/MetaMethod;)Ljava/lang/Object; @ 130
Event: 2.214 Thread 0x00000000024f3800 Uncommon trap: reason=bimorphic action=maybe_recompile pc=0x0000000002b6f03c method=org.codehaus.groovy.runtime.metaclass.MetaMethodIndex.addMethodToList(Ljava/lang/Object;Lgroovy/lang/MetaMethod;)Ljava/lang/Object; @ 130
Event: 2.399 Thread 0x00000000024f3800 Uncommon trap: reason=class_check action=maybe_recompile pc=0x000000000286fdbc method=java.util.regex.Pattern$CharProperty.match(Ljava/util/regex/Matcher;ILjava/lang/CharSequence;)Z @ 37
Event: 2.401 Thread 0x00000000024f3800 Uncommon trap: reason=class_check action=maybe_recompile pc=0x000000000286fdbc method=java.util.regex.Pattern$CharProperty.match(Ljava/util/regex/Matcher;ILjava/lang/CharSequence;)Z @ 37

Classes redefined (0 events):
No events

Internal exceptions (10 events):
Event: 2.333 Thread 0x00000000024f3800 Exception <a 'java/lang/ClassNotFoundException': org/codehaus/groovy/transform/ImmutableASTTransformationBeanInfo> (0x00000000d8664d80) thrown at [C:\re\workspace\8-2-build-windows-amd64-cygwin\jdk8u202\12323\hotspot\src\share\vm\classfile\systemDictionar
Event: 2.358 Thread 0x00000000024f3800 Exception <a 'java/lang/ClassNotFoundException': org/codehaus/groovy/transform/AbstractASTTransformationBeanInfo> (0x00000000d6a63a50) thrown at [C:\re\workspace\8-2-build-windows-amd64-cygwin\jdk8u202\12323\hotspot\src\share\vm\classfile\systemDictionary
Event: 2.374 Thread 0x00000000024f3800 Exception <a 'java/lang/ClassNotFoundException': org/codehaus/groovy/transform/AbstractASTTransformationCustomizer> (0x00000000d6e628e0) thrown at [C:\re\workspace\8-2-build-windows-amd64-cygwin\jdk8u202\12323\hotspot\src\share\vm\classfile\systemDictiona
Event: 2.387 Thread 0x00000000024f3800 Exception <a 'java/lang/ClassNotFoundException': org/codehaus/groovy/transform/ImmutableASTTransformationCustomizer> (0x00000000d728aa70) thrown at [C:\re\workspace\8-2-build-windows-amd64-cygwin\jdk8u202\12323\hotspot\src\share\vm\classfile\systemDiction
Event: 2.395 Thread 0x00000000024f3800 Exception <a 'java/lang/ClassNotFoundException': io/restassured/internal/http/URIBuilderBeanInfo> (0x00000000d72fb2f8) thrown at [C:\re\workspace\8-2-build-windows-amd64-cygwin\jdk8u202\12323\hotspot\src\share\vm\classfile\systemDictionary.cpp, line 210]
Event: 2.396 Thread 0x00000000024f3800 Exception <a 'java/lang/ClassNotFoundException': io/restassured/internal/http/URIBuilderCustomizer> (0x00000000d730d330) thrown at [C:\re\workspace\8-2-build-windows-amd64-cygwin\jdk8u202\12323\hotspot\src\share\vm\classfile\systemDictionary.cpp, line 210
Event: 2.424 Thread 0x00000000024f3800 Exception <a 'java/lang/ClassNotFoundException': io/restassured/internal/filter/FilterContextImplBeanInfo> (0x00000000d741cdd0) thrown at [C:\re\workspace\8-2-build-windows-amd64-cygwin\jdk8u202\12323\hotspot\src\share\vm\classfile\systemDictionary.cpp, l
Event: 2.425 Thread 0x00000000024f3800 Exception <a 'java/lang/ClassNotFoundException': io/restassured/internal/filter/FilterContextImplCustomizer> (0x00000000d742f4e0) thrown at [C:\re\workspace\8-2-build-windows-amd64-cygwin\jdk8u202\12323\hotspot\src\share\vm\classfile\systemDictionary.cpp,
Event: 2.430 Thread 0x00000000024f3800 Exception <a 'java/lang/ClassNotFoundException': io/restassured/config/HttpClientConfigBeanInfo> (0x00000000d746e5c0) thrown at [C:\re\workspace\8-2-build-windows-amd64-cygwin\jdk8u202\12323\hotspot\src\share\vm\classfile\systemDictionary.cpp, line 210]
Event: 2.433 Thread 0x00000000024f3800 Exception <a 'java/lang/ClassNotFoundException': io/restassured/config/HttpClientConfigCustomizer> (0x00000000d747f200) thrown at [C:\re\workspace\8-2-build-windows-amd64-cygwin\jdk8u202\12323\hotspot\src\share\vm\classfile\systemDictionary.cpp, line 210]

Events (10 events):
Event: 2.445 loading class org/apache/http/client/RedirectStrategy
Event: 2.445 loading class org/apache/http/client/RedirectStrategy done
Event: 2.445 loading class org/apache/http/client/HttpRequestRetryHandler
Event: 2.445 loading class org/apache/http/client/HttpRequestRetryHandler done
Event: 2.446 loading class org/apache/http/client/AuthenticationHandler
Event: 2.446 loading class org/apache/http/client/AuthenticationHandler done
Event: 2.446 loading class org/apache/http/client/AuthenticationStrategy
Event: 2.446 loading class org/apache/http/client/AuthenticationStrategy done
Event: 2.447 loading class org/apache/http/client/RequestDirector
Event: 2.447 loading class org/apache/http/client/RequestDirector done


Dynamic libraries:
0x00007ff644f70000 - 0x00007ff644fa7000 	C:\Program Files\Java\jdk1.8.0_202\bin\javaw.exe
0x00007ff851af0000 - 0x00007ff851ce8000 	C:\Windows\SYSTEM32\ntdll.dll
0x00007ff850aa0000 - 0x00007ff850b5d000 	C:\Windows\System32\KERNEL32.DLL
0x00007ff84f2e0000 - 0x00007ff84f5d6000 	C:\Windows\System32\KERNELBASE.dll
0x00007ff8509f0000 - 0x00007ff850a9f000 	C:\Windows\System32\ADVAPI32.dll
0x00007ff8519b0000 - 0x00007ff851a4e000 	C:\Windows\System32\msvcrt.dll
0x00007ff8505e0000 - 0x00007ff85067c000 	C:\Windows\System32\sechost.dll
0x00007ff850720000 - 0x00007ff850846000 	C:\Windows\System32\RPCRT4.dll
0x00007ff850f60000 - 0x00007ff8510fe000 	C:\Windows\System32\USER32.dll
0x00007ff84f670000 - 0x00007ff84f692000 	C:\Windows\System32\win32u.dll
0x00007ff84ff30000 - 0x00007ff84ff5c000 	C:\Windows\System32\GDI32.dll
0x00007ff84fa30000 - 0x00007ff84fb4a000 	C:\Windows\System32\gdi32full.dll
0x00007ff84f240000 - 0x00007ff84f2dd000 	C:\Windows\System32\msvcp_win.dll
0x00007ff84f7a0000 - 0x00007ff84f8a0000 	C:\Windows\System32\ucrtbase.dll
0x00007ff84e460000 - 0x00007ff84e6fa000 	C:\Windows\WinSxS\amd64_microsoft.windows.common-controls_6595b64144ccf1df_6.0.19041.3636_none_60b6a03d71f818d5\COMCTL32.dll
0x00007ff850b60000 - 0x00007ff850b90000 	C:\Windows\System32\IMM32.DLL
0x0000000058c20000 - 0x0000000058cf2000 	C:\Program Files\Java\jdk1.8.0_202\jre\bin\msvcr100.dll
0x0000000058370000 - 0x0000000058c15000 	C:\Program Files\Java\jdk1.8.0_202\jre\bin\server\jvm.dll
0x00007ff850850000 - 0x00007ff850858000 	C:\Windows\System32\PSAPI.DLL
0x00007ff84c820000 - 0x00007ff84c829000 	C:\Windows\SYSTEM32\WSOCK32.dll
0x00007ff851100000 - 0x00007ff85116b000 	C:\Windows\System32\WS2_32.dll
0x00007ff83d860000 - 0x00007ff83d887000 	C:\Windows\SYSTEM32\WINMM.dll
0x00007ff846710000 - 0x00007ff84671a000 	C:\Windows\SYSTEM32\VERSION.dll
0x00007ff84c810000 - 0x00007ff84c81f000 	C:\Program Files\Java\jdk1.8.0_202\jre\bin\verify.dll
0x00007ff84c7e0000 - 0x00007ff84c809000 	C:\Program Files\Java\jdk1.8.0_202\jre\bin\java.dll
0x00007ff84c600000 - 0x00007ff84c616000 	C:\Program Files\Java\jdk1.8.0_202\jre\bin\zip.dll
0x00007ff851260000 - 0x00007ff8519a4000 	C:\Windows\System32\SHELL32.dll
0x00007ff84cb20000 - 0x00007ff84d2bb000 	C:\Windows\SYSTEM32\windows.storage.dll
0x00007ff850bf0000 - 0x00007ff850f44000 	C:\Windows\System32\combase.dll
0x00007ff84e790000 - 0x00007ff84e7bd000 	C:\Windows\SYSTEM32\Wldp.dll
0x00007ff850930000 - 0x00007ff8509dd000 	C:\Windows\System32\SHCORE.dll
0x00007ff851a50000 - 0x00007ff851aa5000 	C:\Windows\System32\shlwapi.dll
0x00007ff84f100000 - 0x00007ff84f125000 	C:\Windows\SYSTEM32\profapi.dll

VM Arguments:
jvm_args: -Dfile.encoding=UTF-8 -Dstdout.encoding=UTF-8 -Dstderr.encoding=UTF-8 
java_command: cucumber.api.cli.Main C:/Users/Swathi/eclipse-workspace/ayvens/src/test/resources/Feaatures/ayvens.feature --glue classpath: --plugin pretty --monochrome
java_class_path (initial): C:\Users\Swathi\eclipse-workspace\ayvens\target\classes;C:\Users\Swathi\eclipse-workspace\ayvens\target\test-classes;C:\Users\Swathi\.m2\repository\io\cucumber\cucumber-java\4.0.0\cucumber-java-4.0.0.jar;C:\Users\Swathi\.m2\repository\io\cucumber\cucumber-core\4.0.0\cucumber-core-4.0.0.jar;C:\Users\Swathi\.m2\repository\io\cucumber\cucumber-html\0.2.7\cucumber-html-0.2.7.jar;C:\Users\Swathi\.m2\repository\io\cucumber\gherkin\5.1.0\gherkin-5.1.0.jar;C:\Users\Swathi\.m2\repository\io\cucumber\tag-expressions\1.1.1\tag-expressions-1.1.1.jar;C:\Users\Swathi\.m2\repository\io\cucumber\cucumber-expressions\6.1.0\cucumber-expressions-6.1.0.jar;C:\Users\Swathi\.m2\repository\io\cucumber\datatable\1.1.3\datatable-1.1.3.jar;C:\Users\Swathi\.m2\repository\io\cucumber\datatable-dependencies\1.1.3\datatable-dependencies-1.1.3.jar;C:\Users\Swathi\.m2\repository\io\cucumber\cucumber-junit\4.0.0\cucumber-junit-4.0.0.jar;C:\Users\Swathi\.m2\repository\junit\junit\4.12\junit-4.12.jar;C:\Users\Swathi\.m2\repository\io\rest-assured\rest-assured\4.0.0\rest-assured-4.0.0.jar;C:\Users\Swathi\.m2\repository\org\codehaus\groovy\groovy\2.5.6\groovy-2.5.6.jar;C:\Users\Swathi\.m2\repository\org\codehaus\groovy\groovy-xml\2.5.6\groovy-xml-2.5.6.jar;C:\Users\Swathi\.m2\repository\org\apache\httpcomponents\httpclient\4.5.3\httpclient-4.5.3.jar;C:\Users\Swathi\.m2\repository\org\apache\httpcomponents\httpcore\4.4.6\httpcore-4.4.6.jar;C:\Users\Swathi\.m2\repository\commons-logging\commons-logging\1.2\commons-logging-1.2.jar;C:\Users\Swathi\.m2\repository\commons-codec\commons-codec\1.9\commons-codec-1.9.jar;C:\Users\Swathi\.m2\repository\org\apache\httpcomponents\httpmime\4.5.3\httpmime-4.5.3.jar;C:\Users\Swathi\.m2\repository\org\hamcrest\hamcrest-core\2.1\hamcrest-core-2.1.jar;C:\Users\Swathi\.m2\repository\org\hamcrest\hamcrest\2.1\hamcrest-2.1.jar;C:\Users\Swathi\.m2\repository\org\hamcrest\hamcrest-library\2.1\hamcrest-library-2.1.jar;C:\Users\Swathi\.m2\repository
Launcher Type: SUN_STANDARD

Environment Variables:
PATH=C:/Users/Swathi/.p2/pool/plugins/org.eclipse.justj.openjdk.hotspot.jre.full.win32.x86_64_17.0.9.v20231028-0858/jre/bin/server;C:/Users/Swathi/.p2/pool/plugins/org.eclipse.justj.openjdk.hotspot.jre.full.win32.x86_64_17.0.9.v20231028-0858/jre/bin;C:\Program Files (x86)\Common Files\Oracle\Java\javapath;C:\Windows\system32;C:\Windows;C:\Windows\System32\Wbem;C:\Windows\System32\WindowsPowerShell\v1.0\;C:\Windows\System32\OpenSSH\;C:\Users\Swathi\AppData\Local\Microsoft\WindowsApps;;C:\Windows\system32;
USERNAME=Swathi
OS=Windows_NT
PROCESSOR_IDENTIFIER=Intel64 Family 6 Model 78 Stepping 3, GenuineIntel



---------------  S Y S T E M  ---------------

OS: Windows 10.0 , 64 bit Build 19041 (10.0.19041.3636)

CPU:total 4 (initial active 4) (2 cores per cpu, 2 threads per core) family 6 model 78 stepping 3, cmov, cx8, fxsr, mmx, sse, sse2, sse3, ssse3, sse4.1, sse4.2, popcnt, avx, avx2, aes, clmul, erms, rtm, 3dnowpref, lzcnt, ht, tsc, tscinvbit, bmi1, bmi2, adx

Memory: 4k page, physical 8171112k(2662816k free), swap 27627108k(5124k free)

vm_info: Java HotSpot(TM) 64-Bit Server VM (25.202-b08) for windows-amd64 JRE (1.8.0_202-b08), built on Dec 15 2018 19:54:30 by "java_re" with MS VC++ 10.0 (VS2010)

time: Mon Jan 08 18:32:33 2024
timezone: India Standard Time
elapsed time: 2 seconds (0d 0h 0m 2s)

