#
# There is insufficient memory for the Java Runtime Environment to continue.
# Native memory allocation (malloc) failed to allocate 414336 bytes for Chunk::new
# Possible reasons:
#   The system is out of physical RAM or swap space
#   The process is running with CompressedOops enabled, and the Java Heap may be blocking the growth of the native heap
# Possible solutions:
#   Reduce memory load on the system
#   Increase physical memory or swap space
#   Check if swap backing store is full
#   Decrease Java heap size (-Xmx/-Xms)
#   Decrease number of Java threads
#   Decrease Java thread stack sizes (-Xss)
#   Set larger code cache with -XX:ReservedCodeCacheSize=
#   JVM is running with Unscaled Compressed Oops mode in which the Java heap is
#     placed in the first 4GB address space. The Java Heap base address is the
#     maximum limit for the native heap growth. Please use -XX:HeapBaseMinAddress
#     to set the Java Heap base and to place the Java Heap above 4GB virtual address.
# This output file may be truncated or incomplete.
#
#  Out of Memory Error (allocation.cpp:389), pid=1080, tid=0x0000000000000b70
#
# JRE version: Java(TM) SE Runtime Environment (8.0_202-b08) (build 1.8.0_202-b08)
# Java VM: Java HotSpot(TM) 64-Bit Server VM (25.202-b08 mixed mode windows-amd64 compressed oops)
# Failed to write core dump. Minidumps are not enabled by default on client versions of Windows
#

---------------  T H R E A D  ---------------

Current thread (0x0000000017829800):  JavaThread "C2 CompilerThread0" daemon [_thread_in_native, id=2928, stack(0x0000000018e80000,0x0000000018f80000)]

Stack: [0x0000000018e80000,0x0000000018f80000]
[error occurred during error reporting (printing stack bounds), id 0xc0000005]

Native frames: (J=compiled Java code, j=interpreted, Vv=VM code, C=native code)


Current CompileTask:
C2:    915  247       4       java.io.WinNTFileSystem::normalize (143 bytes)


---------------  P R O C E S S  ---------------

Java Threads: ( => current thread )
  0x000000001919c800 JavaThread "Service Thread" daemon [_thread_blocked, id=8040, stack(0x0000000019580000,0x0000000019680000)]
  0x000000001785b000 JavaThread "C1 CompilerThread2" daemon [_thread_blocked, id=1088, stack(0x0000000019080000,0x0000000019180000)]
  0x0000000017831000 JavaThread "C2 CompilerThread1" daemon [_thread_blocked, id=2460, stack(0x0000000018f80000,0x0000000019080000)]
=>0x0000000017829800 JavaThread "C2 CompilerThread0" daemon [_thread_in_native, id=2928, stack(0x0000000018e80000,0x0000000018f80000)]
  0x0000000017827000 JavaThread "Attach Listener" daemon [_thread_blocked, id=14752, stack(0x0000000018d80000,0x0000000018e80000)]
  0x0000000017826000 JavaThread "Signal Dispatcher" daemon [_thread_blocked, id=12580, stack(0x0000000018c80000,0x0000000018d80000)]
  0x0000000002dde000 JavaThread "Finalizer" daemon [_thread_blocked, id=6312, stack(0x0000000018a80000,0x0000000018b80000)]
  0x0000000002dd4000 JavaThread "Reference Handler" daemon [_thread_blocked, id=8972, stack(0x0000000018980000,0x0000000018a80000)]
  0x0000000002ce3800 JavaThread "main" [_thread_in_native, id=7816, stack(0x0000000002be0000,0x0000000002ce0000)]

Other Threads:
  0x00000000177e7800 VMThread [stack: 0x0000000018880000,0x0000000018980000] [id=3564]
  0x00000000191de800 WatcherThread [stack: 0x0000000019680000,0x0000000019780000] [id=6972]

VM state:not at safepoint (normal execution)

VM Mutex/Monitor currently owned by a thread: None

heap address: 0x0000000083400000, size: 1996 MB, Compressed Oops mode: 32-bit
Narrow klass base: 0x0000000000000000, Narrow klass shift: 3
Compressed class space size: 1073741824 Address: 0x0000000100000000

Heap:
 PSYoungGen      total 37888K, used 13716K [0x00000000d6700000, 0x00000000d9100000, 0x0000000100000000)
  eden space 32768K, 41% used [0x00000000d6700000,0x00000000d74652e0,0x00000000d8700000)
  from space 5120K, 0% used [0x00000000d8c00000,0x00000000d8c00000,0x00000000d9100000)
  to   space 5120K, 0% used [0x00000000d8700000,0x00000000d8700000,0x00000000d8c00000)
 ParOldGen       total 86016K, used 0K [0x0000000083400000, 0x0000000088800000, 0x00000000d6700000)
  object space 86016K, 0% used [0x0000000083400000,0x0000000083400000,0x0000000088800000)
 Metaspace       used 4081K, capacity 5112K, committed 5376K, reserved 1056768K
  class space    used 478K, capacity 488K, committed 512K, reserved 1048576K

Card table byte_map: [0x00000000121a0000,0x0000000012590000] byte_map_base: 0x0000000011d86000

Marking Bits: (ParMarkBitMap*) 0x0000000058b95ce0
 Begin Bits: [0x0000000012c30000, 0x0000000014b60000)
 End Bits:   [0x0000000014b60000, 0x0000000016a90000)

Polling page: 0x0000000000f50000

CodeCache: size=245760Kb used=1747Kb max_used=1748Kb free=244012Kb
 bounds [0x0000000002de0000, 0x0000000003050000, 0x0000000011de0000]
 total_blobs=497 nmethods=257 adapters=153
 compilation: enabled

Compilation events (10 events):
Event: 0.906 Thread 0x000000001785b000 nmethod 252 0x0000000002f938d0 code [0x0000000002f93a40, 0x0000000002f93cf0]
Event: 0.908 Thread 0x0000000017831000 nmethod 251 0x0000000002f91f90 code [0x0000000002f920e0, 0x0000000002f92278]
Event: 0.909 Thread 0x000000001785b000  253  s    3       java.lang.Throwable::fillInStackTrace (29 bytes)
Event: 0.909 Thread 0x000000001785b000 nmethod 253 0x0000000002f93310 code [0x0000000002f93480, 0x0000000002f93828]
Event: 0.911 Thread 0x000000001785b000  255       3       java.lang.ClassLoader::loadClass (7 bytes)
Event: 0.911 Thread 0x000000001785b000 nmethod 255 0x0000000002f92ed0 code [0x0000000002f93040, 0x0000000002f93268]
Event: 0.911 Thread 0x000000001785b000  256       3       sun.misc.Launcher$AppClassLoader::loadClass (85 bytes)
Event: 0.912 Thread 0x000000001785b000 nmethod 256 0x0000000002f94f10 code [0x0000000002f95140, 0x0000000002f95e68]
Event: 0.912 Thread 0x000000001785b000  257  s    3       sun.misc.URLClassPath::knownToNotExist (24 bytes)
Event: 0.913 Thread 0x000000001785b000 nmethod 257 0x0000000002f928d0 code [0x0000000002f92a40, 0x0000000002f92e08]

GC Heap History (0 events):
No events

Deoptimization events (0 events):
No events

Classes redefined (0 events):
No events

Internal exceptions (10 events):
Event: 0.620 Thread 0x0000000002ce3800 Exception <a 'java/security/PrivilegedActionException'> (0x00000000d70033a0) thrown at [C:\re\workspace\8-2-build-windows-amd64-cygwin\jdk8u202\12323\hotspot\src\share\vm\prims\jvm.cpp, line 1502]
Event: 0.620 Thread 0x0000000002ce3800 Exception <a 'java/security/PrivilegedActionException'> (0x00000000d70035b0) thrown at [C:\re\workspace\8-2-build-windows-amd64-cygwin\jdk8u202\12323\hotspot\src\share\vm\prims\jvm.cpp, line 1502]
Event: 0.620 Thread 0x0000000002ce3800 Exception <a 'java/security/PrivilegedActionException'> (0x00000000d70049d0) thrown at [C:\re\workspace\8-2-build-windows-amd64-cygwin\jdk8u202\12323\hotspot\src\share\vm\prims\jvm.cpp, line 1502]
Event: 0.620 Thread 0x0000000002ce3800 Exception <a 'java/security/PrivilegedActionException'> (0x00000000d7004be0) thrown at [C:\re\workspace\8-2-build-windows-amd64-cygwin\jdk8u202\12323\hotspot\src\share\vm\prims\jvm.cpp, line 1502]
Event: 0.621 Thread 0x0000000002ce3800 Exception <a 'java/security/PrivilegedActionException'> (0x00000000d7005fc0) thrown at [C:\re\workspace\8-2-build-windows-amd64-cygwin\jdk8u202\12323\hotspot\src\share\vm\prims\jvm.cpp, line 1502]
Event: 0.621 Thread 0x0000000002ce3800 Exception <a 'java/security/PrivilegedActionException'> (0x00000000d70061d0) thrown at [C:\re\workspace\8-2-build-windows-amd64-cygwin\jdk8u202\12323\hotspot\src\share\vm\prims\jvm.cpp, line 1502]
Event: 0.621 Thread 0x0000000002ce3800 Exception <a 'java/security/PrivilegedActionException'> (0x00000000d70076d8) thrown at [C:\re\workspace\8-2-build-windows-amd64-cygwin\jdk8u202\12323\hotspot\src\share\vm\prims\jvm.cpp, line 1502]
Event: 0.621 Thread 0x0000000002ce3800 Exception <a 'java/security/PrivilegedActionException'> (0x00000000d70078e8) thrown at [C:\re\workspace\8-2-build-windows-amd64-cygwin\jdk8u202\12323\hotspot\src\share\vm\prims\jvm.cpp, line 1502]
Event: 0.621 Thread 0x0000000002ce3800 Exception <a 'java/security/PrivilegedActionException'> (0x00000000d7008d08) thrown at [C:\re\workspace\8-2-build-windows-amd64-cygwin\jdk8u202\12323\hotspot\src\share\vm\prims\jvm.cpp, line 1502]
Event: 0.621 Thread 0x0000000002ce3800 Exception <a 'java/security/PrivilegedActionException'> (0x00000000d7008f18) thrown at [C:\re\workspace\8-2-build-windows-amd64-cygwin\jdk8u202\12323\hotspot\src\share\vm\prims\jvm.cpp, line 1502]

Events (10 events):
Event: 0.907 loading class java/io/StringWriter
Event: 0.907 loading class java/io/StringWriter done
Event: 0.907 loading class java/lang/UnsupportedOperationException
Event: 0.907 loading class java/lang/UnsupportedOperationException done
Event: 0.907 loading class gherkin/deps/com/google/gson/internal/bind/TypeAdapters$28
Event: 0.907 loading class gherkin/deps/com/google/gson/internal/bind/TypeAdapters$28 done
Event: 0.908 loading class java/lang/NumberFormatException
Event: 0.908 loading class java/lang/NumberFormatException done
Event: 0.909 loading class gherkin/deps/com/google/gson/internal/bind/TypeAdapters$29
Event: 0.909 loading class gherkin/deps/com/google/gson/internal/bind/TypeAdapters$29 done


Dynamic libraries:
0x00007ff644f70000 - 0x00007ff644fa7000 	C:\Program Files\Java\jdk1.8.0_202\bin\javaw.exe
0x00007ff851af0000 - 0x00007ff851ce8000 	C:\Windows\SYSTEM32\ntdll.dll
0x00007ff850aa0000 - 0x00007ff850b5d000 	C:\Windows\System32\KERNEL32.DLL
0x00007ff84f2e0000 - 0x00007ff84f5d6000 	C:\Windows\System32\KERNELBASE.dll
0x00007ff8509f0000 - 0x00007ff850a9f000 	C:\Windows\System32\ADVAPI32.dll
0x00007ff8519b0000 - 0x00007ff851a4e000 	C:\Windows\System32\msvcrt.dll
0x00007ff8505e0000 - 0x00007ff85067c000 	C:\Windows\System32\sechost.dll
0x00007ff850720000 - 0x00007ff850846000 	C:\Windows\System32\RPCRT4.dll
0x00007ff850f60000 - 0x00007ff8510fe000 	C:\Windows\System32\USER32.dll
0x00007ff84f670000 - 0x00007ff84f692000 	C:\Windows\System32\win32u.dll
0x00007ff84ff30000 - 0x00007ff84ff5c000 	C:\Windows\System32\GDI32.dll
0x00007ff84fa30000 - 0x00007ff84fb4a000 	C:\Windows\System32\gdi32full.dll
0x00007ff84f240000 - 0x00007ff84f2dd000 	C:\Windows\System32\msvcp_win.dll
0x00007ff84f7a0000 - 0x00007ff84f8a0000 	C:\Windows\System32\ucrtbase.dll
0x00007ff84e460000 - 0x00007ff84e6fa000 	C:\Windows\WinSxS\amd64_microsoft.windows.common-controls_6595b64144ccf1df_6.0.19041.3636_none_60b6a03d71f818d5\COMCTL32.dll
0x00007ff850b60000 - 0x00007ff850b90000 	C:\Windows\System32\IMM32.DLL
0x0000000058c20000 - 0x0000000058cf2000 	C:\Program Files\Java\jdk1.8.0_202\jre\bin\msvcr100.dll
0x0000000058370000 - 0x0000000058c15000 	C:\Program Files\Java\jdk1.8.0_202\jre\bin\server\jvm.dll
0x00007ff850850000 - 0x00007ff850858000 	C:\Windows\System32\PSAPI.DLL
0x00007ff84c8a0000 - 0x00007ff84c8a9000 	C:\Windows\SYSTEM32\WSOCK32.dll
0x00007ff851100000 - 0x00007ff85116b000 	C:\Windows\System32\WS2_32.dll
0x00007ff83d860000 - 0x00007ff83d887000 	C:\Windows\SYSTEM32\WINMM.dll
0x00007ff846710000 - 0x00007ff84671a000 	C:\Windows\SYSTEM32\VERSION.dll
0x00007ff84b240000 - 0x00007ff84b24f000 	C:\Program Files\Java\jdk1.8.0_202\jre\bin\verify.dll
0x00007ff83bda0000 - 0x00007ff83bdc9000 	C:\Program Files\Java\jdk1.8.0_202\jre\bin\java.dll
0x00007ff83da10000 - 0x00007ff83da26000 	C:\Program Files\Java\jdk1.8.0_202\jre\bin\zip.dll
0x00007ff851260000 - 0x00007ff8519a4000 	C:\Windows\System32\SHELL32.dll
0x00007ff84cb20000 - 0x00007ff84d2bb000 	C:\Windows\SYSTEM32\windows.storage.dll
0x00007ff850bf0000 - 0x00007ff850f44000 	C:\Windows\System32\combase.dll
0x00007ff84e790000 - 0x00007ff84e7bd000 	C:\Windows\SYSTEM32\Wldp.dll
0x00007ff850930000 - 0x00007ff8509dd000 	C:\Windows\System32\SHCORE.dll
0x00007ff851a50000 - 0x00007ff851aa5000 	C:\Windows\System32\shlwapi.dll
0x00007ff84f100000 - 0x00007ff84f125000 	C:\Windows\SYSTEM32\profapi.dll

VM Arguments:
jvm_args: -Dfile.encoding=UTF-8 -Dstdout.encoding=UTF-8 -Dstderr.encoding=UTF-8 
java_command: cucumber.api.cli.Main C:/Users/Swathi/eclipse-workspace/ayvens/src/test/resources/Feaatures/ayvens.feature --glue classpath: --plugin pretty --monochrome
java_class_path (initial): C:\Users\Swathi\eclipse-workspace\ayvens\target\classes;C:\Users\Swathi\eclipse-workspace\ayvens\target\test-classes;C:\Users\Swathi\.m2\repository\io\cucumber\cucumber-java\4.0.0\cucumber-java-4.0.0.jar;C:\Users\Swathi\.m2\repository\io\cucumber\cucumber-core\4.0.0\cucumber-core-4.0.0.jar;C:\Users\Swathi\.m2\repository\io\cucumber\cucumber-html\0.2.7\cucumber-html-0.2.7.jar;C:\Users\Swathi\.m2\repository\io\cucumber\gherkin\5.1.0\gherkin-5.1.0.jar;C:\Users\Swathi\.m2\repository\io\cucumber\tag-expressions\1.1.1\tag-expressions-1.1.1.jar;C:\Users\Swathi\.m2\repository\io\cucumber\cucumber-expressions\6.1.0\cucumber-expressions-6.1.0.jar;C:\Users\Swathi\.m2\repository\io\cucumber\datatable\1.1.3\datatable-1.1.3.jar;C:\Users\Swathi\.m2\repository\io\cucumber\datatable-dependencies\1.1.3\datatable-dependencies-1.1.3.jar;C:\Users\Swathi\.m2\repository\io\cucumber\cucumber-junit\4.0.0\cucumber-junit-4.0.0.jar;C:\Users\Swathi\.m2\repository\junit\junit\4.12\junit-4.12.jar;C:\Users\Swathi\.m2\repository\io\rest-assured\rest-assured\4.0.0\rest-assured-4.0.0.jar;C:\Users\Swathi\.m2\repository\org\codehaus\groovy\groovy\2.5.6\groovy-2.5.6.jar;C:\Users\Swathi\.m2\repository\org\codehaus\groovy\groovy-xml\2.5.6\groovy-xml-2.5.6.jar;C:\Users\Swathi\.m2\repository\org\apache\httpcomponents\httpclient\4.5.3\httpclient-4.5.3.jar;C:\Users\Swathi\.m2\repository\org\apache\httpcomponents\httpcore\4.4.6\httpcore-4.4.6.jar;C:\Users\Swathi\.m2\repository\commons-logging\commons-logging\1.2\commons-logging-1.2.jar;C:\Users\Swathi\.m2\repository\commons-codec\commons-codec\1.9\commons-codec-1.9.jar;C:\Users\Swathi\.m2\repository\org\apache\httpcomponents\httpmime\4.5.3\httpmime-4.5.3.jar;C:\Users\Swathi\.m2\repository\org\hamcrest\hamcrest-core\2.1\hamcrest-core-2.1.jar;C:\Users\Swathi\.m2\repository\org\hamcrest\hamcrest\2.1\hamcrest-2.1.jar;C:\Users\Swathi\.m2\repository\org\hamcrest\hamcrest-library\2.1\hamcrest-library-2.1.jar;C:\Users\Swathi\.m2\repository
Launcher Type: SUN_STANDARD

Environment Variables:
PATH=C:/Users/Swathi/.p2/pool/plugins/org.eclipse.justj.openjdk.hotspot.jre.full.win32.x86_64_17.0.9.v20231028-0858/jre/bin/server;C:/Users/Swathi/.p2/pool/plugins/org.eclipse.justj.openjdk.hotspot.jre.full.win32.x86_64_17.0.9.v20231028-0858/jre/bin;C:\Program Files (x86)\Common Files\Oracle\Java\javapath;C:\Windows\system32;C:\Windows;C:\Windows\System32\Wbem;C:\Windows\System32\WindowsPowerShell\v1.0\;C:\Windows\System32\OpenSSH\;C:\Users\Swathi\AppData\Local\Microsoft\WindowsApps;;C:\Windows\system32;
USERNAME=Swathi
OS=Windows_NT
PROCESSOR_IDENTIFIER=Intel64 Family 6 Model 78 Stepping 3, GenuineIntel



---------------  S Y S T E M  ---------------

OS: Windows 10.0 , 64 bit Build 19041 (10.0.19041.3636)

CPU:total 4 (initial active 4) (2 cores per cpu, 2 threads per core) family 6 model 78 stepping 3, cmov, cx8, fxsr, mmx, sse, sse2, sse3, ssse3, sse4.1, sse4.2, popcnt, avx, avx2, aes, clmul, erms, rtm, 3dnowpref, lzcnt, ht, tsc, tscinvbit, bmi1, bmi2, adx

Memory: 4k page, physical 8171112k(2537072k free), swap 27627108k(5316k free)

vm_info: Java HotSpot(TM) 64-Bit Server VM (25.202-b08) for windows-amd64 JRE (1.8.0_202-b08), built on Dec 15 2018 19:54:30 by "java_re" with MS VC++ 10.0 (VS2010)

time: Mon Jan 08 18:20:44 2024
timezone: India Standard Time
elapsed time: 0 seconds (0d 0h 0m 0s)

